c:\users\користувач\source\repos\lab_9.3\lab_9.3\debug\vc142.pdb
c:\users\користувач\source\repos\lab_9.3\lab_9.3\debug\vc142.idb
c:\users\користувач\source\repos\lab_9.3\lab_9.3\debug\lab.obj
c:\users\користувач\source\repos\lab_9.3\debug\lab_9.3.pdb
c:\users\користувач\source\repos\lab_9.3\lab_9.3\debug\lab_9.3.tlog\cl.command.1.tlog
c:\users\користувач\source\repos\lab_9.3\lab_9.3\debug\lab_9.3.tlog\cl.read.1.tlog
c:\users\користувач\source\repos\lab_9.3\lab_9.3\debug\lab_9.3.tlog\cl.write.1.tlog
c:\users\користувач\source\repos\lab_9.3\lab_9.3\debug\lab_9.3.tlog\link-cvtres.read.1.tlog
c:\users\користувач\source\repos\lab_9.3\lab_9.3\debug\lab_9.3.tlog\link-cvtres.write.1.tlog
c:\users\користувач\source\repos\lab_9.3\lab_9.3\debug\lab_9.3.tlog\link-rc.read.1.tlog
c:\users\користувач\source\repos\lab_9.3\lab_9.3\debug\lab_9.3.tlog\link-rc.write.1.tlog
c:\users\користувач\source\repos\lab_9.3\lab_9.3\debug\lab_9.3.tlog\link.23108-cvtres.read.1.tlog
c:\users\користувач\source\repos\lab_9.3\lab_9.3\debug\lab_9.3.tlog\link.23108-cvtres.write.1.tlog
c:\users\користувач\source\repos\lab_9.3\lab_9.3\debug\lab_9.3.tlog\link.23108-rc.read.1.tlog
c:\users\користувач\source\repos\lab_9.3\lab_9.3\debug\lab_9.3.tlog\link.23108-rc.write.1.tlog
c:\users\користувач\source\repos\lab_9.3\lab_9.3\debug\lab_9.3.tlog\link.23108.read.1.tlog
c:\users\користувач\source\repos\lab_9.3\lab_9.3\debug\lab_9.3.tlog\link.23108.write.1.tlog
c:\users\користувач\source\repos\lab_9.3\lab_9.3\debug\lab_9.3.tlog\link.command.1.tlog
c:\users\користувач\source\repos\lab_9.3\lab_9.3\debug\lab_9.3.tlog\link.read.1.tlog
c:\users\користувач\source\repos\lab_9.3\lab_9.3\debug\lab_9.3.tlog\link.write.1.tlog
